0 info it worked if it ends with ok
<<<<<<< HEAD
1 verbose cli [ 'D:\\university\\USC\\fighting\\career\\Application\\Wechat\\node.exe',
1 verbose cli   'D:\\university\\USC\\fighting\\career\\Application\\Wechat\\node_modules\\npm\\bin\\npm-cli.js',
1 verbose cli   'start' ]
2 info using npm@2.14.7
3 info using node@v4.2.2
||||||| merged common ancestors
1 verbose cli [ '/usr/local/bin/node', '/usr/local/bin/npm', 'start' ]
2 info using npm@3.5.1
3 info using node@v5.2.0
=======
1 verbose cli [ '/usr/local/bin/node', '/usr/local/bin/npm', 'start' ]
2 info using npm@3.5.2
3 info using node@v5.2.0
>>>>>>> origin/master
4 verbose run-script [ 'prestart', 'start', 'poststart' ]
<<<<<<< HEAD
5 info prestart myTailer@0.0.0
6 info start myTailer@0.0.0
7 verbose unsafe-perm in lifecycle true
8 info myTailer@0.0.0 Failed to exec start script
9 verbose stack Error: myTailer@0.0.0 start: `node ./bin/www`
9 verbose stack Exit status 1
9 verbose stack     at EventEmitter.<anonymous> (D:\university\USC\fighting\career\Application\Wechat\node_modules\npm\lib\utils\lifecycle.js:214:16)
9 verbose stack     at emitTwo (events.js:87:13)
9 verbose stack     at EventEmitter.emit (events.js:172:7)
9 verbose stack     at ChildProcess.<anonymous> (D:\university\USC\fighting\career\Application\Wechat\node_modules\npm\lib\utils\spawn.js:24:14)
9 verbose stack     at emitTwo (events.js:87:13)
9 verbose stack     at ChildProcess.emit (events.js:172:7)
9 verbose stack     at maybeClose (internal/child_process.js:818:16)
9 verbose stack     at Process.ChildProcess._handle.onexit (internal/child_process.js:211:5)
10 verbose pkgid myTailer@0.0.0
11 verbose cwd D:\weChat\mytailer
12 error Windows_NT 6.3.9600
13 error argv "D:\\university\\USC\\fighting\\career\\Application\\Wechat\\node.exe" "D:\\university\\USC\\fighting\\career\\Application\\Wechat\\node_modules\\npm\\bin\\npm-cli.js" "start"
14 error node v4.2.2
15 error npm  v2.14.7
16 error code ELIFECYCLE
17 error myTailer@0.0.0 start: `node ./bin/www`
17 error Exit status 1
18 error Failed at the myTailer@0.0.0 start script 'node ./bin/www'.
18 error This is most likely a problem with the myTailer package,
18 error not with npm itself.
18 error Tell the author that this fails on your system:
18 error     node ./bin/www
18 error You can get their info via:
18 error     npm owner ls myTailer
18 error There is likely additional logging output above.
19 verbose exit [ 1, true ]
||||||| merged common ancestors
5 info lifecycle myTailer@0.0.0~prestart: myTailer@0.0.0
6 silly lifecycle myTailer@0.0.0~prestart: no script for prestart, continuing
7 info lifecycle myTailer@0.0.0~start: myTailer@0.0.0
8 verbose lifecycle myTailer@0.0.0~start: unsafe-perm in lifecycle true
9 verbose lifecycle myTailer@0.0.0~start: PATH: /usr/local/lib/node_modules/npm/bin/node-gyp-bin:/home/azureuser/myTailer/node_modules/.bin:/usr/local/sbin:/usr/local/bin:/usr/sbin:/usr/bin:/sbin:/bin
10 verbose lifecycle myTailer@0.0.0~start: CWD: /home/azureuser/myTailer
11 silly lifecycle myTailer@0.0.0~start: Args: [ '-c', 'node ./bin/www' ]
12 silly lifecycle myTailer@0.0.0~start: Returned: code: 1  signal: null
13 info lifecycle myTailer@0.0.0~start: Failed to exec start script
14 verbose stack Error: myTailer@0.0.0 start: `node ./bin/www`
14 verbose stack Exit status 1
14 verbose stack     at EventEmitter.<anonymous> (/usr/local/lib/node_modules/npm/lib/utils/lifecycle.js:232:16)
14 verbose stack     at emitTwo (events.js:88:13)
14 verbose stack     at EventEmitter.emit (events.js:173:7)
14 verbose stack     at ChildProcess.<anonymous> (/usr/local/lib/node_modules/npm/lib/utils/spawn.js:24:14)
14 verbose stack     at emitTwo (events.js:88:13)
14 verbose stack     at ChildProcess.emit (events.js:173:7)
14 verbose stack     at maybeClose (internal/child_process.js:819:16)
14 verbose stack     at Process.ChildProcess._handle.onexit (internal/child_process.js:212:5)
15 verbose pkgid myTailer@0.0.0
16 verbose cwd /home/azureuser/myTailer
17 error Linux 3.13.0-68-generic
18 error argv "/usr/local/bin/node" "/usr/local/bin/npm" "start"
19 error node v5.2.0
20 error npm  v3.5.1
21 error code ELIFECYCLE
22 error myTailer@0.0.0 start: `node ./bin/www`
22 error Exit status 1
23 error Failed at the myTailer@0.0.0 start script 'node ./bin/www'.
23 error Make sure you have the latest version of node.js and npm installed.
23 error If you do, this is most likely a problem with the myTailer package,
23 error not with npm itself.
23 error Tell the author that this fails on your system:
23 error     node ./bin/www
23 error You can get information on how to open an issue for this project with:
23 error     npm bugs myTailer
23 error Or if that isn't available, you can get their info via:
23 error     npm owner ls myTailer
23 error There is likely additional logging output above.
24 verbose exit [ 1, true ]
=======
5 info lifecycle myTailer@0.0.0~prestart: myTailer@0.0.0
6 silly lifecycle myTailer@0.0.0~prestart: no script for prestart, continuing
7 info lifecycle myTailer@0.0.0~start: myTailer@0.0.0
8 verbose lifecycle myTailer@0.0.0~start: unsafe-perm in lifecycle true
9 verbose lifecycle myTailer@0.0.0~start: PATH: /usr/local/lib/node_modules/npm/bin/node-gyp-bin:/home/azureuser/myTailer/node_modules/.bin:/usr/local/sbin:/usr/local/bin:/usr/sbin:/usr/bin:/sbin:/bin
10 verbose lifecycle myTailer@0.0.0~start: CWD: /home/azureuser/myTailer
11 silly lifecycle myTailer@0.0.0~start: Args: [ '-c', 'node ./bin/www' ]
12 silly lifecycle myTailer@0.0.0~start: Returned: code: 143  signal: null
13 info lifecycle myTailer@0.0.0~start: Failed to exec start script
14 verbose stack Error: myTailer@0.0.0 start: `node ./bin/www`
14 verbose stack Exit status 143
14 verbose stack     at EventEmitter.<anonymous> (/usr/local/lib/node_modules/npm/lib/utils/lifecycle.js:232:16)
14 verbose stack     at emitTwo (events.js:88:13)
14 verbose stack     at EventEmitter.emit (events.js:173:7)
14 verbose stack     at ChildProcess.<anonymous> (/usr/local/lib/node_modules/npm/lib/utils/spawn.js:24:14)
14 verbose stack     at emitTwo (events.js:88:13)
14 verbose stack     at ChildProcess.emit (events.js:173:7)
14 verbose stack     at maybeClose (internal/child_process.js:819:16)
14 verbose stack     at Process.ChildProcess._handle.onexit (internal/child_process.js:212:5)
15 verbose pkgid myTailer@0.0.0
16 verbose cwd /home/azureuser/myTailer
17 error Linux 3.13.0-71-generic
18 error argv "/usr/local/bin/node" "/usr/local/bin/npm" "start"
19 error node v5.2.0
20 error npm  v3.5.2
21 error code ELIFECYCLE
22 error myTailer@0.0.0 start: `node ./bin/www`
22 error Exit status 143
23 error Failed at the myTailer@0.0.0 start script 'node ./bin/www'.
23 error Make sure you have the latest version of node.js and npm installed.
23 error If you do, this is most likely a problem with the myTailer package,
23 error not with npm itself.
23 error Tell the author that this fails on your system:
23 error     node ./bin/www
23 error You can get information on how to open an issue for this project with:
23 error     npm bugs myTailer
23 error Or if that isn't available, you can get their info via:
23 error     npm owner ls myTailer
23 error There is likely additional logging output above.
24 verbose exit [ 1, true ]
>>>>>>> origin/master
